<?xml version="1.0" encoding="UTF-8"?>
<!-- Generated by org.testng.reporters.JUnitReportReporter -->
<testsuite skipped="0" hostname="TYSS-4F-048" name="com.puma.script.AddProductTest" tests="1" failures="0" timestamp="09 May 2018 11:19:45 GMT" time="101.390" errors="0">
  <testcase name="addProduct" time="101.390" classname="com.puma.script.AddProductTest"/>
</testsuite> <!-- com.puma.script.AddProductTest -->
