<?xml version="1.0" encoding="UTF-8"?>
<!-- Generated by org.testng.reporters.JUnitReportReporter -->
<testsuite skipped="0" hostname="TYSS-4F-048" name="com.puma.script1.AddProductTest" tests="1" failures="0" timestamp="10 May 2018 05:36:09 GMT" time="89.499" errors="0">
  <testcase name="addProduct" time="89.499" classname="com.puma.script1.AddProductTest"/>
</testsuite> <!-- com.puma.script1.AddProductTest -->
