<?xml version="1.0" encoding="UTF-8"?>
<!-- Generated by org.testng.reporters.JUnitReportReporter -->
<testsuite hostname="TYSS-4F-048" name="com.puma.script1.AddProductTest" tests="1" failures="0" timestamp="10 May 2018 08:32:39 GMT" time="63.706" errors="0">
  <testcase name="addProduct" time="63.706" classname="com.puma.script1.AddProductTest"/>
</testsuite> <!-- com.puma.script1.AddProductTest -->
